2025-12-25 23:51:36 - ЗАПУСК TELEGRAM-БОТА
2025-12-25 23:51:49 - 909802830 (@qvxid) - Пользователь запустил бота (/start)
2025-12-25 23:52:07 - 909802830 (@qvxid) - Пользователь выбрал Задание 1
2025-12-25 23:52:27 - 909802830 (@qvxid) - Пользователь вернулся в главное меню
2025-12-25 23:52:31 - 909802830 (@qvxid) - Пользователь выбрал Задание 5
2025-12-25 23:52:48 - 909802830 (@qvxid) - Пользователь вернулся в главное меню
2025-12-25 23:52:50 - 909802830 (@qvxid) - Пользователь выбрал Задание 8
2025-12-25 23:53:00 - __main__ - ERROR - Ошибка отправки сообщения пользователю 909802830: A request to the Telegram API was unsuccessful. Error code: 400. Description: Bad Request: message is too long
2025-12-25 23:53:09 - 909802830 (@qvxid) - Пользователь вернулся в главное меню
2025-12-25 23:53:13 - 909802830 (@qvxid) - Пользователь запросил все задания
2025-12-26 00:26:04 - ЗАПУСК TELEGRAM-БОТА
2025-12-26 00:27:16 - 1016313067 (@lasqwx21zx) - Пользователь запустил бота (/start)
2025-12-26 00:27:22 - 1016313067 (@lasqwx21zx) - Пользователь выбрал Задание 8
2025-12-26 00:28:31 - 7233738335 (@sikrres) - Пользователь запустил бота (/start)
2025-12-26 00:28:32 - 7233738335 (@sikrres) - Пользователь выбрал Задание 5
2025-12-26 00:28:34 - 7233738335 (@sikrres) - Пользователь запустил бота (/start)
2025-12-26 00:28:37 - 7233738335 (@sikrres) - Пользователь выбрал Задание 5
2025-12-26 00:29:57 - 909802830 (@qvxid) - Пользователь запустил бота (/start)
2025-12-26 00:30:01 - 909802830 (@qvxid) - Пользователь выбрал Задание 1
2025-12-26 00:30:27 - 909802830 (@qvxid) - Пользователь вернулся в главное меню
2025-12-26 00:30:29 - 909802830 (@qvxid) - Пользователь выбрал Задание 5
2025-12-26 00:30:51 - 909802830 (@qvxid) - Пользователь вернулся в главное меню
2025-12-26 00:30:55 - 909802830 (@qvxid) - Пользователь выбрал Задание 8
2025-12-26 00:31:13 - 909802830 (@qvxid) - Пользователь вернулся в главное меню
